  stdafx.cpp
  WAVAudioFileSource.cpp
c:\00_server\01_acting\live555\live\livemedia\wavaudiofilesource.cpp(152): error C4996: 'sprintf': This function or variable may be unsafe. Consider using sprintf_s instead. To disable deprecation, use _CRT_SECURE_NO_WARNINGS. See online help for details.
  c:\program files (x86)\windows kits\10\include\10.0.10240.0\ucrt\stdio.h(1769): note: 'sprintf' 선언을 참조하십시오.
  WAVAudioFileServerMediaSubsession.cpp
  VP9VideoRTPSource.cpp
  VP9VideoRTPSink.cpp
  VP8VideoRTPSource.cpp
  VP8VideoRTPSink.cpp
  VorbisAudioRTPSource.cpp
  VorbisAudioRTPSink.cpp
c:\00_server\01_acting\live555\live\livemedia\vorbisaudiortpsink.cpp(114): error C4996: 'sprintf': This function or variable may be unsafe. Consider using sprintf_s instead. To disable deprecation, use _CRT_SECURE_NO_WARNINGS. See online help for details.
  c:\program files (x86)\windows kits\10\include\10.0.10240.0\ucrt\stdio.h(1769): note: 'sprintf' 선언을 참조하십시오.
  VideoRTPSink.cpp
  uLawAudioFilter.cpp
  TheoraVideoRTPSource.cpp
  TheoraVideoRTPSink.cpp
c:\00_server\01_acting\live555\live\livemedia\theoravideortpsink.cpp(105): error C4996: 'sprintf': This function or variable may be unsafe. Consider using sprintf_s instead. To disable deprecation, use _CRT_SECURE_NO_WARNINGS. See online help for details.
  c:\program files (x86)\windows kits\10\include\10.0.10240.0\ucrt\stdio.h(1769): note: 'sprintf' 선언을 참조하십시오.
  TextRTPSink.cpp
  TCPStreamSink.cpp
  T140TextRTPSink.cpp
  StreamReplicator.cpp
  StreamParser.cpp
  SIPClient.cpp
c:\00_server\01_acting\live555\live\livemedia\sipclient.cpp(49): error C4996: 'sprintf': This function or variable may be unsafe. Consider using sprintf_s instead. To disable deprecation, use _CRT_SECURE_NO_WARNINGS. See online help for details.
  c:\program files (x86)\windows kits\10\include\10.0.10240.0\ucrt\stdio.h(1769): note: 'sprintf' 선언을 참조하십시오.
c:\00_server\01_acting\live555\live\livemedia\sipclient.cpp(120): error C4996: 'sprintf': This function or variable may be unsafe. Consider using sprintf_s instead. To disable deprecation, use _CRT_SECURE_NO_WARNINGS. See online help for details.
  c:\program files (x86)\windows kits\10\include\10.0.10240.0\ucrt\stdio.h(1769): note: 'sprintf' 선언을 참조하십시오.
c:\00_server\01_acting\live555\live\livemedia\sipclient.cpp(218): error C4996: 'sprintf': This function or variable may be unsafe. Consider using sprintf_s instead. To disable deprecation, use _CRT_SECURE_NO_WARNINGS. See online help for details.
  c:\program files (x86)\windows kits\10\include\10.0.10240.0\ucrt\stdio.h(1769): note: 'sprintf' 선언을 참조하십시오.
c:\00_server\01_acting\live555\live\livemedia\sipclient.cpp(242): error C4996: 'sprintf': This function or variable may be unsafe. Consider using sprintf_s instead. To disable deprecation, use _CRT_SECURE_NO_WARNINGS. See online help for details.
  c:\program files (x86)\windows kits\10\include\10.0.10240.0\ucrt\stdio.h(1769): note: 'sprintf' 선언을 참조하십시오.
c:\00_server\01_acting\live555\live\livemedia\sipclient.cpp(278): error C4996: 'sprintf': This function or variable may be unsafe. Consider using sprintf_s instead. To disable deprecation, use _CRT_SECURE_NO_WARNINGS. See online help for details.
  c:\program files (x86)\windows kits\10\include\10.0.10240.0\ucrt\stdio.h(1769): note: 'sprintf' 선언을 참조하십시오.
c:\00_server\01_acting\live555\live\livemedia\sipclient.cpp(504): error C4996: 'sscanf': This function or variable may be unsafe. Consider using sscanf_s instead. To disable deprecation, use _CRT_SECURE_NO_WARNINGS. See online help for details.
  c:\program files (x86)\windows kits\10\include\10.0.10240.0\ucrt\stdio.h(2254): note: 'sscanf' 선언을 참조하십시오.
c:\00_server\01_acting\live555\live\livemedia\sipclient.cpp(507): error C4996: 'sscanf': This function or variable may be unsafe. Consider using sscanf_s instead. To disable deprecation, use _CRT_SECURE_NO_WARNINGS. See online help for details.
  c:\program files (x86)\windows kits\10\include\10.0.10240.0\ucrt\stdio.h(2254): note: 'sscanf' 선언을 참조하십시오.
c:\00_server\01_acting\live555\live\livemedia\sipclient.cpp(535): error C4996: 'sscanf': This function or variable may be unsafe. Consider using sscanf_s instead. To disable deprecation, use _CRT_SECURE_NO_WARNINGS. See online help for details.
  c:\program files (x86)\windows kits\10\include\10.0.10240.0\ucrt\stdio.h(2254): note: 'sscanf' 선언을 참조하십시오.
c:\00_server\01_acting\live555\live\livemedia\sipclient.cpp(541): error C4996: 'sscanf': This function or variable may be unsafe. Consider using sscanf_s instead. To disable deprecation, use _CRT_SECURE_NO_WARNINGS. See online help for details.
  c:\program files (x86)\windows kits\10\include\10.0.10240.0\ucrt\stdio.h(2254): note: 'sscanf' 선언을 참조하십시오.
c:\00_server\01_acting\live555\live\livemedia\sipclient.cpp(542): error C4996: 'sscanf': This function or variable may be unsafe. Consider using sscanf_s instead. To disable deprecation, use _CRT_SECURE_NO_WARNINGS. See online help for details.
  c:\program files (x86)\windows kits\10\include\10.0.10240.0\ucrt\stdio.h(2254): note: 'sscanf' 선언을 참조하십시오.
c:\00_server\01_acting\live555\live\livemedia\sipclient.cpp(664): error C4996: 'sprintf': This function or variable may be unsafe. Consider using sprintf_s instead. To disable deprecation, use _CRT_SECURE_NO_WARNINGS. See online help for details.
  c:\program files (x86)\windows kits\10\include\10.0.10240.0\ucrt\stdio.h(1769): note: 'sprintf' 선언을 참조하십시오.
c:\00_server\01_acting\live555\live\livemedia\sipclient.cpp(706): error C4996: 'sprintf': This function or variable may be unsafe. Consider using sprintf_s instead. To disable deprecation, use _CRT_SECURE_NO_WARNINGS. See online help for details.
  c:\program files (x86)\windows kits\10\include\10.0.10240.0\ucrt\stdio.h(1769): note: 'sprintf' 선언을 참조하십시오.
c:\00_server\01_acting\live555\live\livemedia\sipclient.cpp(806): error C4996: 'sscanf': This function or variable may be unsafe. Consider using sscanf_s instead. To disable deprecation, use _CRT_SECURE_NO_WARNINGS. See online help for details.
  c:\program files (x86)\windows kits\10\include\10.0.10240.0\ucrt\stdio.h(2254): note: 'sscanf' 선언을 참조하십시오.
c:\00_server\01_acting\live555\live\livemedia\sipclient.cpp(877): error C4996: 'sprintf': This function or variable may be unsafe. Consider using sprintf_s instead. To disable deprecation, use _CRT_SECURE_NO_WARNINGS. See online help for details.
  c:\program files (x86)\windows kits\10\include\10.0.10240.0\ucrt\stdio.h(1769): note: 'sprintf' 선언을 참조하십시오.
c:\00_server\01_acting\live555\live\livemedia\sipclient.cpp(951): error C4996: 'sscanf': This function or variable may be unsafe. Consider using sscanf_s instead. To disable deprecation, use _CRT_SECURE_NO_WARNINGS. See online help for details.
  c:\program files (x86)\windows kits\10\include\10.0.10240.0\ucrt\stdio.h(2254): note: 'sscanf' 선언을 참조하십시오.
  SimpleRTPSource.cpp
  SimpleRTPSink.cpp
  코드를 생성하고 있습니다...
  컴파일하고 있습니다...
  ServerMediaSession.cpp
c:\00_server\01_acting\live555\live\livemedia\servermediasession.cpp(74): error C4996: 'sprintf': This function or variable may be unsafe. Consider using sprintf_s instead. To disable deprecation, use _CRT_SECURE_NO_WARNINGS. See online help for details.
  c:\program files (x86)\windows kits\10\include\10.0.10240.0\ucrt\stdio.h(1769): note: 'sprintf' 선언을 참조하십시오.
c:\00_server\01_acting\live555\live\livemedia\servermediasession.cpp(220): error C4996: 'sprintf': This function or variable may be unsafe. Consider using sprintf_s instead. To disable deprecation, use _CRT_SECURE_NO_WARNINGS. See online help for details.
  c:\program files (x86)\windows kits\10\include\10.0.10240.0\ucrt\stdio.h(1769): note: 'sprintf' 선언을 참조하십시오.
c:\00_server\01_acting\live555\live\livemedia\servermediasession.cpp(248): error C4996: 'sprintf': This function or variable may be unsafe. Consider using sprintf_s instead. To disable deprecation, use _CRT_SECURE_NO_WARNINGS. See online help for details.
  c:\program files (x86)\windows kits\10\include\10.0.10240.0\ucrt\stdio.h(1769): note: 'sprintf' 선언을 참조하십시오.
c:\00_server\01_acting\live555\live\livemedia\servermediasession.cpp(283): error C4996: '_snprintf': This function or variable may be unsafe. Consider using _snprintf_s instead. To disable deprecation, use _CRT_SECURE_NO_WARNINGS. See online help for details.
  c:\program files (x86)\windows kits\10\include\10.0.10240.0\ucrt\stdio.h(1952): note: '_snprintf' 선언을 참조하십시오.
c:\00_server\01_acting\live555\live\livemedia\servermediasession.cpp(306): error C4996: '_snprintf': This function or variable may be unsafe. Consider using _snprintf_s instead. To disable deprecation, use _CRT_SECURE_NO_WARNINGS. See online help for details.
  c:\program files (x86)\windows kits\10\include\10.0.10240.0\ucrt\stdio.h(1952): note: '_snprintf' 선언을 참조하십시오.
c:\00_server\01_acting\live555\live\livemedia\servermediasession.cpp(357): error C4996: 'sprintf': This function or variable may be unsafe. Consider using sprintf_s instead. To disable deprecation, use _CRT_SECURE_NO_WARNINGS. See online help for details.
  c:\program files (x86)\windows kits\10\include\10.0.10240.0\ucrt\stdio.h(1769): note: 'sprintf' 선언을 참조하십시오.
c:\00_server\01_acting\live555\live\livemedia\servermediasession.cpp(430): error C4996: 'sprintf': This function or variable may be unsafe. Consider using sprintf_s instead. To disable deprecation, use _CRT_SECURE_NO_WARNINGS. See online help for details.
  c:\program files (x86)\windows kits\10\include\10.0.10240.0\ucrt\stdio.h(1769): note: 'sprintf' 선언을 참조하십시오.
c:\00_server\01_acting\live555\live\livemedia\servermediasession.cpp(432): error C4996: 'sprintf': This function or variable may be unsafe. Consider using sprintf_s instead. To disable deprecation, use _CRT_SECURE_NO_WARNINGS. See online help for details.
  c:\program files (x86)\windows kits\10\include\10.0.10240.0\ucrt\stdio.h(1769): note: 'sprintf' 선언을 참조하십시오.
c:\00_server\01_acting\live555\live\livemedia\servermediasession.cpp(449): error C4996: 'sprintf': This function or variable may be unsafe. Consider using sprintf_s instead. To disable deprecation, use _CRT_SECURE_NO_WARNINGS. See online help for details.
  c:\program files (x86)\windows kits\10\include\10.0.10240.0\ucrt\stdio.h(1769): note: 'sprintf' 선언을 참조하십시오.
  RTSPServerSupportingHTTPStreaming.cpp
c:\00_server\01_acting\live555\live\livemedia\rtspserversupportinghttpstreaming.cpp(72): error C4996: 'gmtime': This function or variable may be unsafe. Consider using gmtime_s instead. To disable deprecation, use _CRT_SECURE_NO_WARNINGS. See online help for details.
  c:\program files (x86)\windows kits\10\include\10.0.10240.0\ucrt\time.h(495): note: 'gmtime' 선언을 참조하십시오.
c:\00_server\01_acting\live555\live\livemedia\rtspserversupportinghttpstreaming.cpp(87): error C4996: 'sscanf': This function or variable may be unsafe. Consider using sscanf_s instead. To disable deprecation, use _CRT_SECURE_NO_WARNINGS. See online help for details.
  c:\program files (x86)\windows kits\10\include\10.0.10240.0\ucrt\stdio.h(2254): note: 'sscanf' 선언을 참조하십시오.
c:\00_server\01_acting\live555\live\livemedia\rtspserversupportinghttpstreaming.cpp(132): error C4996: '_snprintf': This function or variable may be unsafe. Consider using _snprintf_s instead. To disable deprecation, use _CRT_SECURE_NO_WARNINGS. See online help for details.
  c:\program files (x86)\windows kits\10\include\10.0.10240.0\ucrt\stdio.h(1952): note: '_snprintf' 선언을 참조하십시오.
c:\00_server\01_acting\live555\live\livemedia\rtspserversupportinghttpstreaming.cpp(210): error C4996: 'sprintf': This function or variable may be unsafe. Consider using sprintf_s instead. To disable deprecation, use _CRT_SECURE_NO_WARNINGS. See online help for details.
  c:\program files (x86)\windows kits\10\include\10.0.10240.0\ucrt\stdio.h(1769): note: 'sprintf' 선언을 참조하십시오.
c:\00_server\01_acting\live555\live\livemedia\rtspserversupportinghttpstreaming.cpp(217): error C4996: 'sprintf': This function or variable may be unsafe. Consider using sprintf_s instead. To disable deprecation, use _CRT_SECURE_NO_WARNINGS. See online help for details.
  c:\program files (x86)\windows kits\10\include\10.0.10240.0\ucrt\stdio.h(1769): note: 'sprintf' 선언을 참조하십시오.
c:\00_server\01_acting\live555\live\livemedia\rtspserversupportinghttpstreaming.cpp(224): error C4996: 'sprintf': This function or variable may be unsafe. Consider using sprintf_s instead. To disable deprecation, use _CRT_SECURE_NO_WARNINGS. See online help for details.
  c:\program files (x86)\windows kits\10\include\10.0.10240.0\ucrt\stdio.h(1769): note: 'sprintf' 선언을 참조하십시오.
c:\00_server\01_acting\live555\live\livemedia\rtspserversupportinghttpstreaming.cpp(229): error C4996: '_snprintf': This function or variable may be unsafe. Consider using _snprintf_s instead. To disable deprecation, use _CRT_SECURE_NO_WARNINGS. See online help for details.
  c:\program files (x86)\windows kits\10\include\10.0.10240.0\ucrt\stdio.h(1952): note: '_snprintf' 선언을 참조하십시오.
  RTSPServer.cpp
c:\00_server\01_acting\live555\live\livemedia\rtspserver.cpp(147): error C4996: 'sprintf': This function or variable may be unsafe. Consider using sprintf_s instead. To disable deprecation, use _CRT_SECURE_NO_WARNINGS. See online help for details.
  c:\program files (x86)\windows kits\10\include\10.0.10240.0\ucrt\stdio.h(1769): note: 'sprintf' 선언을 참조하십시오.
c:\00_server\01_acting\live555\live\livemedia\rtspserver.cpp(169): error C4996: 'sprintf': This function or variable may be unsafe. Consider using sprintf_s instead. To disable deprecation, use _CRT_SECURE_NO_WARNINGS. See online help for details.
  c:\program files (x86)\windows kits\10\include\10.0.10240.0\ucrt\stdio.h(1769): note: 'sprintf' 선언을 참조하십시오.
c:\00_server\01_acting\live555\live\livemedia\rtspserver.cpp(171): error C4996: 'sprintf': This function or variable may be unsafe. Consider using sprintf_s instead. To disable deprecation, use _CRT_SECURE_NO_WARNINGS. See online help for details.
  c:\program files (x86)\windows kits\10\include\10.0.10240.0\ucrt\stdio.h(1769): note: 'sprintf' 선언을 참조하십시오.
c:\00_server\01_acting\live555\live\livemedia\rtspserver.cpp(401): error C4996: '_snprintf': This function or variable may be unsafe. Consider using _snprintf_s instead. To disable deprecation, use _CRT_SECURE_NO_WARNINGS. See online help for details.
  c:\program files (x86)\windows kits\10\include\10.0.10240.0\ucrt\stdio.h(1952): note: '_snprintf' 선언을 참조하십시오.
c:\00_server\01_acting\live555\live\livemedia\rtspserver.cpp(432): error C4996: 'strcat': This function or variable may be unsafe. Consider using strcat_s instead. To disable deprecation, use _CRT_SECURE_NO_WARNINGS. See online help for details.
  c:\program files (x86)\windows kits\10\include\10.0.10240.0\ucrt\string.h(90): note: 'strcat' 선언을 참조하십시오.
c:\00_server\01_acting\live555\live\livemedia\rtspserver.cpp(433): error C4996: 'strcat': This function or variable may be unsafe. Consider using strcat_s instead. To disable deprecation, use _CRT_SECURE_NO_WARNINGS. See online help for details.
  c:\program files (x86)\windows kits\10\include\10.0.10240.0\ucrt\string.h(90): note: 'strcat' 선언을 참조하십시오.
c:\00_server\01_acting\live555\live\livemedia\rtspserver.cpp(435): error C4996: 'strcat': This function or variable may be unsafe. Consider using strcat_s instead. To disable deprecation, use _CRT_SECURE_NO_WARNINGS. See online help for details.
  c:\program files (x86)\windows kits\10\include\10.0.10240.0\ucrt\string.h(90): note: 'strcat' 선언을 참조하십시오.
c:\00_server\01_acting\live555\live\livemedia\rtspserver.cpp(467): error C4996: '_snprintf': This function or variable may be unsafe. Consider using _snprintf_s instead. To disable deprecation, use _CRT_SECURE_NO_WARNINGS. See online help for details.
  c:\program files (x86)\windows kits\10\include\10.0.10240.0\ucrt\stdio.h(1952): note: '_snprintf' 선언을 참조하십시오.
c:\00_server\01_acting\live555\live\livemedia\rtspserver.cpp(540): error C4996: '_snprintf': This function or variable may be unsafe. Consider using _snprintf_s instead. To disable deprecation, use _CRT_SECURE_NO_WARNINGS. See online help for details.
  c:\program files (x86)\windows kits\10\include\10.0.10240.0\ucrt\stdio.h(1952): note: '_snprintf' 선언을 참조하십시오.
c:\00_server\01_acting\live555\live\livemedia\rtspserver.cpp(546): error C4996: '_snprintf': This function or variable may be unsafe. Consider using _snprintf_s instead. To disable deprecation, use _CRT_SECURE_NO_WARNINGS. See online help for details.
  c:\program files (x86)\windows kits\10\include\10.0.10240.0\ucrt\stdio.h(1952): note: '_snprintf' 선언을 참조하십시오.
c:\00_server\01_acting\live555\live\livemedia\rtspserver.cpp(617): error C4996: '_snprintf': This function or variable may be unsafe. Consider using _snprintf_s instead. To disable deprecation, use _CRT_SECURE_NO_WARNINGS. See online help for details.
  c:\program files (x86)\windows kits\10\include\10.0.10240.0\ucrt\stdio.h(1952): note: '_snprintf' 선언을 참조하십시오.
c:\00_server\01_acting\live555\live\livemedia\rtspserver.cpp(623): error C4996: '_snprintf': This function or variable may be unsafe. Consider using _snprintf_s instead. To disable deprecation, use _CRT_SECURE_NO_WARNINGS. See online help for details.
  c:\program files (x86)\windows kits\10\include\10.0.10240.0\ucrt\stdio.h(1952): note: '_snprintf' 선언을 참조하십시오.
c:\00_server\01_acting\live555\live\livemedia\rtspserver.cpp(633): error C4996: '_snprintf': This function or variable may be unsafe. Consider using _snprintf_s instead. To disable deprecation, use _CRT_SECURE_NO_WARNINGS. See online help for details.
  c:\program files (x86)\windows kits\10\include\10.0.10240.0\ucrt\stdio.h(1952): note: '_snprintf' 선언을 참조하십시오.
c:\00_server\01_acting\live555\live\livemedia\rtspserver.cpp(657): error C4996: '_snprintf': This function or variable may be unsafe. Consider using _snprintf_s instead. To disable deprecation, use _CRT_SECURE_NO_WARNINGS. See online help for details.
  c:\program files (x86)\windows kits\10\include\10.0.10240.0\ucrt\stdio.h(1952): note: '_snprintf' 선언을 참조하십시오.
c:\00_server\01_acting\live555\live\livemedia\rtspserver.cpp(761): error C4996: 'sscanf': This function or variable may be unsafe. Consider using sscanf_s instead. To disable deprecation, use _CRT_SECURE_NO_WARNINGS. See online help for details.
  c:\program files (x86)\windows kits\10\include\10.0.10240.0\ucrt\stdio.h(2254): note: 'sscanf' 선언을 참조하십시오.
c:\00_server\01_acting\live555\live\livemedia\rtspserver.cpp(936): error C4996: 'strcat': This function or variable may be unsafe. Consider using strcat_s instead. To disable deprecation, use _CRT_SECURE_NO_WARNINGS. See online help for details.
  c:\program files (x86)\windows kits\10\include\10.0.10240.0\ucrt\string.h(90): note: 'strcat' 선언을 참조하십시오.
c:\00_server\01_acting\live555\live\livemedia\rtspserver.cpp(937): error C4996: 'strcat': This function or variable may be unsafe. Consider using strcat_s instead. To disable deprecation, use _CRT_SECURE_NO_WARNINGS. See online help for details.
  c:\program files (x86)\windows kits\10\include\10.0.10240.0\ucrt\string.h(90): note: 'strcat' 선언을 참조하십시오.
c:\00_server\01_acting\live555\live\livemedia\rtspserver.cpp(939): error C4996: 'strcat': This function or variable may be unsafe. Consider using strcat_s instead. To disable deprecation, use _CRT_SECURE_NO_WARNINGS. See online help for details.
  c:\program files (x86)\windows kits\10\include\10.0.10240.0\ucrt\string.h(90): note: 'strcat' 선언을 참조하십시오.
c:\00_server\01_acting\live555\live\livemedia\rtspserver.cpp(967): error C4996: 'sscanf': This function or variable may be unsafe. Consider using sscanf_s instead. To disable deprecation, use _CRT_SECURE_NO_WARNINGS. See online help for details.
  c:\program files (x86)\windows kits\10\include\10.0.10240.0\ucrt\stdio.h(2254): note: 'sscanf' 선언을 참조하십시오.
c:\00_server\01_acting\live555\live\livemedia\rtspserver.cpp(1092): error C4996: 'sscanf': This function or variable may be unsafe. Consider using sscanf_s instead. To disable deprecation, use _CRT_SECURE_NO_WARNINGS. See online help for details.
  c:\program files (x86)\windows kits\10\include\10.0.10240.0\ucrt\stdio.h(2254): note: 'sscanf' 선언을 참조하십시오.
c:\00_server\01_acting\live555\live\livemedia\rtspserver.cpp(1093): error C4996: 'sscanf': This function or variable may be unsafe. Consider using sscanf_s instead. To disable deprecation, use _CRT_SECURE_NO_WARNINGS. See online help for details.
  c:\program files (x86)\windows kits\10\include\10.0.10240.0\ucrt\stdio.h(2254): note: 'sscanf' 선언을 참조하십시오.
c:\00_server\01_acting\live555\live\livemedia\rtspserver.cpp(1185): error C4996: '_snprintf': This function or variable may be unsafe. Consider using _snprintf_s instead. To disable deprecation, use _CRT_SECURE_NO_WARNINGS. See online help for details.
  c:\program files (x86)\windows kits\10\include\10.0.10240.0\ucrt\stdio.h(1952): note: '_snprintf' 선언을 참조하십시오.
c:\00_server\01_acting\live555\live\livemedia\rtspserver.cpp(1198): error C4996: '_snprintf': This function or variable may be unsafe. Consider using _snprintf_s instead. To disable deprecation, use _CRT_SECURE_NO_WARNINGS. See online help for details.
  c:\program files (x86)\windows kits\10\include\10.0.10240.0\ucrt\stdio.h(1952): note: '_snprintf' 선언을 참조하십시오.
c:\00_server\01_acting\live555\live\livemedia\rtspserver.cpp(1209): error C4996: '_snprintf': This function or variable may be unsafe. Consider using _snprintf_s instead. To disable deprecation, use _CRT_SECURE_NO_WARNINGS. See online help for details.
  c:\program files (x86)\windows kits\10\include\10.0.10240.0\ucrt\stdio.h(1952): note: '_snprintf' 선언을 참조하십시오.
c:\00_server\01_acting\live555\live\livemedia\rtspserver.cpp(1225): error C4996: '_snprintf': This function or variable may be unsafe. Consider using _snprintf_s instead. To disable deprecation, use _CRT_SECURE_NO_WARNINGS. See online help for details.
  c:\program files (x86)\windows kits\10\include\10.0.10240.0\ucrt\stdio.h(1952): note: '_snprintf' 선언을 참조하십시오.
c:\00_server\01_acting\live555\live\livemedia\rtspserver.cpp(1243): error C4996: '_snprintf': This function or variable may be unsafe. Consider using _snprintf_s instead. To disable deprecation, use _CRT_SECURE_NO_WARNINGS. See online help for details.
  c:\program files (x86)\windows kits\10\include\10.0.10240.0\ucrt\stdio.h(1952): note: '_snprintf' 선언을 참조하십시오.
c:\00_server\01_acting\live555\live\livemedia\rtspserver.cpp(1381): error C4996: 'sscanf': This function or variable may be unsafe. Consider using sscanf_s instead. To disable deprecation, use _CRT_SECURE_NO_WARNINGS. See online help for details.
  c:\program files (x86)\windows kits\10\include\10.0.10240.0\ucrt\stdio.h(2254): note: 'sscanf' 선언을 참조하십시오.
c:\00_server\01_acting\live555\live\livemedia\rtspserver.cpp(1391): error C4996: 'sscanf': This function or variable may be unsafe. Consider using sscanf_s instead. To disable deprecation, use _CRT_SECURE_NO_WARNINGS. See online help for details.
  c:\program files (x86)\windows kits\10\include\10.0.10240.0\ucrt\stdio.h(2254): note: 'sscanf' 선언을 참조하십시오.
c:\00_server\01_acting\live555\live\livemedia\rtspserver.cpp(1393): error C4996: 'sscanf': This function or variable may be unsafe. Consider using sscanf_s instead. To disable deprecation, use _CRT_SECURE_NO_WARNINGS. See online help for details.
  c:\program files (x86)\windows kits\10\include\10.0.10240.0\ucrt\stdio.h(2254): note: 'sscanf' 선언을 참조하십시오.
c:\00_server\01_acting\live555\live\livemedia\rtspserver.cpp(1396): error C4996: 'sscanf': This function or variable may be unsafe. Consider using sscanf_s instead. To disable deprecation, use _CRT_SECURE_NO_WARNINGS. See online help for details.
  c:\program files (x86)\windows kits\10\include\10.0.10240.0\ucrt\stdio.h(2254): note: 'sscanf' 선언을 참조하십시오.
c:\00_server\01_acting\live555\live\livemedia\rtspserver.cpp(1399): error C4996: 'sscanf': This function or variable may be unsafe. Consider using sscanf_s instead. To disable deprecation, use _CRT_SECURE_NO_WARNINGS. See online help for details.
  c:\program files (x86)\windows kits\10\include\10.0.10240.0\ucrt\stdio.h(2254): note: 'sscanf' 선언을 참조하십시오.
c:\00_server\01_acting\live555\live\livemedia\rtspserver.cpp(1444): error C4996: 'sprintf': This function or variable may be unsafe. Consider using sprintf_s instead. To disable deprecation, use _CRT_SECURE_NO_WARNINGS. See online help for details.
  c:\program files (x86)\windows kits\10\include\10.0.10240.0\ucrt\stdio.h(1769): note: 'sprintf' 선언을 참조하십시오.
c:\00_server\01_acting\live555\live\livemedia\rtspserver.cpp(1609): error C4996: 'sprintf': This function or variable may be unsafe. Consider using sprintf_s instead. To disable deprecation, use _CRT_SECURE_NO_WARNINGS. See online help for details.
  c:\program files (x86)\windows kits\10\include\10.0.10240.0\ucrt\stdio.h(1769): note: 'sprintf' 선언을 참조하십시오.
c:\00_server\01_acting\live555\live\livemedia\rtspserver.cpp(1616): error C4996: '_snprintf': This function or variable may be unsafe. Consider using _snprintf_s instead. To disable deprecation, use _CRT_SECURE_NO_WARNINGS. See online help for details.
  c:\program files (x86)\windows kits\10\include\10.0.10240.0\ucrt\stdio.h(1952): note: '_snprintf' 선언을 참조하십시오.
c:\00_server\01_acting\live555\live\livemedia\rtspserver.cpp(1634): error C4996: '_snprintf': This function or variable may be unsafe. Consider using _snprintf_s instead. To disable deprecation, use _CRT_SECURE_NO_WARNINGS. See online help for details.
  c:\program files (x86)\windows kits\10\include\10.0.10240.0\ucrt\stdio.h(1952): note: '_snprintf' 선언을 참조하십시오.
c:\00_server\01_acting\live555\live\livemedia\rtspserver.cpp(1650): error C4996: '_snprintf': This function or variable may be unsafe. Consider using _snprintf_s instead. To disable deprecation, use _CRT_SECURE_NO_WARNINGS. See online help for details.
  c:\program files (x86)\windows kits\10\include\10.0.10240.0\ucrt\stdio.h(1952): note: '_snprintf' 선언을 참조하십시오.
c:\00_server\01_acting\live555\live\livemedia\rtspserver.cpp(1666): error C4996: '_snprintf': This function or variable may be unsafe. Consider using _snprintf_s instead. To disable deprecation, use _CRT_SECURE_NO_WARNINGS. See online help for details.
  c:\program files (x86)\windows kits\10\include\10.0.10240.0\ucrt\stdio.h(1952): note: '_snprintf' 선언을 참조하십시오.
c:\00_server\01_acting\live555\live\livemedia\rtspserver.cpp(1680): error C4996: '_snprintf': This function or variable may be unsafe. Consider using _snprintf_s instead. To disable deprecation, use _CRT_SECURE_NO_WARNINGS. See online help for details.
  c:\program files (x86)\windows kits\10\include\10.0.10240.0\ucrt\stdio.h(1952): note: '_snprintf' 선언을 참조하십시오.
c:\00_server\01_acting\live555\live\livemedia\rtspserver.cpp(1813): error C4996: 'sprintf': This function or variable may be unsafe. Consider using sprintf_s instead. To disable deprecation, use _CRT_SECURE_NO_WARNINGS. See online help for details.
  c:\program files (x86)\windows kits\10\include\10.0.10240.0\ucrt\stdio.h(1769): note: 'sprintf' 선언을 참조하십시오.
c:\00_server\01_acting\live555\live\livemedia\rtspserver.cpp(1908): error C4996: 'sprintf': This function or variable may be unsafe. Consider using sprintf_s instead. To disable deprecation, use _CRT_SECURE_NO_WARNINGS. See online help for details.
  c:\program files (x86)\windows kits\10\include\10.0.10240.0\ucrt\stdio.h(1769): note: 'sprintf' 선언을 참조하십시오.
c:\00_server\01_acting\live555\live\livemedia\rtspserver.cpp(1910): error C4996: 'sprintf': This function or variable may be unsafe. Consider using sprintf_s instead. To disable deprecation, use _CRT_SECURE_NO_WARNINGS. See online help for details.
  c:\program files (x86)\windows kits\10\include\10.0.10240.0\ucrt\stdio.h(1769): note: 'sprintf' 선언을 참조하십시오.
c:\00_server\01_acting\live555\live\livemedia\rtspserver.cpp(1934): error C4996: 'sprintf': This function or variable may be unsafe. Consider using sprintf_s instead. To disable deprecation, use _CRT_SECURE_NO_WARNINGS. See online help for details.
  c:\program files (x86)\windows kits\10\include\10.0.10240.0\ucrt\stdio.h(1769): note: 'sprintf' 선언을 참조하십시오.
c:\00_server\01_acting\live555\live\livemedia\rtspserver.cpp(1936): error C4996: 'sprintf': This function or variable may be unsafe. Consider using sprintf_s instead. To disable deprecation, use _CRT_SECURE_NO_WARNINGS. See online help for details.
  c:\program files (x86)\windows kits\10\include\10.0.10240.0\ucrt\stdio.h(1769): note: 'sprintf' 선언을 참조하십시오.
c:\00_server\01_acting\live555\live\livemedia\rtspserver.cpp(1963): error C4996: 'sprintf': This function or variable may be unsafe. Consider using sprintf_s instead. To disable deprecation, use _CRT_SECURE_NO_WARNINGS. See online help for details.
  c:\program files (x86)\windows kits\10\include\10.0.10240.0\ucrt\stdio.h(1769): note: 'sprintf' 선언을 참조하십시오.
c:\00_server\01_acting\live555\live\livemedia\rtspserver.cpp(1983): error C4996: '_snprintf': This function or variable may be unsafe. Consider using _snprintf_s instead. To disable deprecation, use _CRT_SECURE_NO_WARNINGS. See online help for details.
  c:\program files (x86)\windows kits\10\include\10.0.10240.0\ucrt\stdio.h(1952): note: '_snprintf' 선언을 참조하십시오.
c:\00_server\01_acting\live555\live\livemedia\rtspserver.cpp(2078): error C4996: 'sprintf': This function or variable may be unsafe. Consider using sprintf_s instead. To disable deprecation, use _CRT_SECURE_NO_WARNINGS. See online help for details.
  c:\program files (x86)\windows kits\10\include\10.0.10240.0\ucrt\stdio.h(1769): note: 'sprintf' 선언을 참조하십시오.
c:\00_server\01_acting\live555\live\livemedia\rtspserver.cpp(2109): error C4996: 'sprintf': This function or variable may be unsafe. Consider using sprintf_s instead. To disable deprecation, use _CRT_SECURE_NO_WARNINGS. See online help for details.
  c:\program files (x86)\windows kits\10\include\10.0.10240.0\ucrt\stdio.h(1769): note: 'sprintf' 선언을 참조하십시오.
  RTSPRegisterSender.cpp
c:\00_server\01_acting\live555\live\livemedia\rtspregistersender.cpp(55): error C4996: 'sprintf': This function or variable may be unsafe. Consider using sprintf_s instead. To disable deprecation, use _CRT_SECURE_NO_WARNINGS. See online help for details.
  c:\program files (x86)\windows kits\10\include\10.0.10240.0\ucrt\stdio.h(1769): note: 'sprintf' 선언을 참조하십시오.
c:\00_server\01_acting\live555\live\livemedia\rtspregistersender.cpp(89): error C4996: 'sprintf': This function or variable may be unsafe. Consider using sprintf_s instead. To disable deprecation, use _CRT_SECURE_NO_WARNINGS. See online help for details.
  c:\program files (x86)\windows kits\10\include\10.0.10240.0\ucrt\stdio.h(1769): note: 'sprintf' 선언을 참조하십시오.
c:\00_server\01_acting\live555\live\livemedia\rtspregistersender.cpp(95): error C4996: 'sprintf': This function or variable may be unsafe. Consider using sprintf_s instead. To disable deprecation, use _CRT_SECURE_NO_WARNINGS. See online help for details.
  c:\program files (x86)\windows kits\10\include\10.0.10240.0\ucrt\stdio.h(1769): note: 'sprintf' 선언을 참조하십시오.
  RTSPCommon.cpp
c:\00_server\01_acting\live555\live\livemedia\rtspcommon.cpp(203): error C4996: 'sscanf': This function or variable may be unsafe. Consider using sscanf_s instead. To disable deprecation, use _CRT_SECURE_NO_WARNINGS. See online help for details.
  c:\program files (x86)\windows kits\10\include\10.0.10240.0\ucrt\stdio.h(2254): note: 'sscanf' 선언을 참조하십시오.
c:\00_server\01_acting\live555\live\livemedia\rtspcommon.cpp(221): error C4996: 'sscanf': This function or variable may be unsafe. Consider using sscanf_s instead. To disable deprecation, use _CRT_SECURE_NO_WARNINGS. See online help for details.
  c:\program files (x86)\windows kits\10\include\10.0.10240.0\ucrt\stdio.h(2254): note: 'sscanf' 선언을 참조하십시오.
c:\00_server\01_acting\live555\live\livemedia\rtspcommon.cpp(224): error C4996: 'sscanf': This function or variable may be unsafe. Consider using sscanf_s instead. To disable deprecation, use _CRT_SECURE_NO_WARNINGS. See online help for details.
  c:\program files (x86)\windows kits\10\include\10.0.10240.0\ucrt\stdio.h(2254): note: 'sscanf' 선언을 참조하십시오.
c:\00_server\01_acting\live555\live\livemedia\rtspcommon.cpp(233): error C4996: 'sscanf': This function or variable may be unsafe. Consider using sscanf_s instead. To disable deprecation, use _CRT_SECURE_NO_WARNINGS. See online help for details.
  c:\program files (x86)\windows kits\10\include\10.0.10240.0\ucrt\stdio.h(2254): note: 'sscanf' 선언을 참조하십시오.
c:\00_server\01_acting\live555\live\livemedia\rtspcommon.cpp(236): error C4996: 'sscanf': This function or variable may be unsafe. Consider using sscanf_s instead. To disable deprecation, use _CRT_SECURE_NO_WARNINGS. See online help for details.
  c:\program files (x86)\windows kits\10\include\10.0.10240.0\ucrt\stdio.h(2254): note: 'sscanf' 선언을 참조하십시오.
c:\00_server\01_acting\live555\live\livemedia\rtspcommon.cpp(239): error C4996: 'sscanf': This function or variable may be unsafe. Consider using sscanf_s instead. To disable deprecation, use _CRT_SECURE_NO_WARNINGS. See online help for details.
  c:\program files (x86)\windows kits\10\include\10.0.10240.0\ucrt\stdio.h(2254): note: 'sscanf' 선언을 참조하십시오.
c:\00_server\01_acting\live555\live\livemedia\rtspcommon.cpp(246): error C4996: 'sscanf': This function or variable may be unsafe. Consider using sscanf_s instead. To disable deprecation, use _CRT_SECURE_NO_WARNINGS. See online help for details.
  c:\program files (x86)\windows kits\10\include\10.0.10240.0\ucrt\stdio.h(2254): note: 'sscanf' 선언을 참조하십시오.
c:\00_server\01_acting\live555\live\livemedia\rtspcommon.cpp(257): error C4996: 'sscanf': This function or variable may be unsafe. Consider using sscanf_s instead. To disable deprecation, use _CRT_SECURE_NO_WARNINGS. See online help for details.
  c:\program files (x86)\windows kits\10\include\10.0.10240.0\ucrt\stdio.h(2254): note: 'sscanf' 선언을 참조하십시오.
c:\00_server\01_acting\live555\live\livemedia\rtspcommon.cpp(296): error C4996: 'sscanf': This function or variable may be unsafe. Consider using sscanf_s instead. To disable deprecation, use _CRT_SECURE_NO_WARNINGS. See online help for details.
  c:\program files (x86)\windows kits\10\include\10.0.10240.0\ucrt\stdio.h(2254): note: 'sscanf' 선언을 참조하십시오.
c:\00_server\01_acting\live555\live\livemedia\rtspcommon.cpp(341): error C4996: 'gmtime': This function or variable may be unsafe. Consider using gmtime_s instead. To disable deprecation, use _CRT_SECURE_NO_WARNINGS. See online help for details.
  c:\program files (x86)\windows kits\10\include\10.0.10240.0\ucrt\time.h(495): note: 'gmtime' 선언을 참조하십시오.
  RTSPClient.cpp
c:\00_server\01_acting\live555\live\livemedia\rtspclient.cpp(134): error C4996: 'sprintf': This function or variable may be unsafe. Consider using sprintf_s instead. To disable deprecation, use _CRT_SECURE_NO_WARNINGS. See online help for details.
  c:\program files (x86)\windows kits\10\include\10.0.10240.0\ucrt\stdio.h(1769): note: 'sprintf' 선언을 참조하십시오.
c:\00_server\01_acting\live555\live\livemedia\rtspclient.cpp(153): error C4996: 'sprintf': This function or variable may be unsafe. Consider using sprintf_s instead. To disable deprecation, use _CRT_SECURE_NO_WARNINGS. See online help for details.
  c:\program files (x86)\windows kits\10\include\10.0.10240.0\ucrt\stdio.h(1769): note: 'sprintf' 선언을 참조하십시오.
c:\00_server\01_acting\live555\live\livemedia\rtspclient.cpp(235): error C4996: 'sscanf': This function or variable may be unsafe. Consider using sscanf_s instead. To disable deprecation, use _CRT_SECURE_NO_WARNINGS. See online help for details.
  c:\program files (x86)\windows kits\10\include\10.0.10240.0\ucrt\stdio.h(2254): note: 'sscanf' 선언을 참조하십시오.
c:\00_server\01_acting\live555\live\livemedia\rtspclient.cpp(323): error C4996: 'sscanf': This function or variable may be unsafe. Consider using sscanf_s instead. To disable deprecation, use _CRT_SECURE_NO_WARNINGS. See online help for details.
  c:\program files (x86)\windows kits\10\include\10.0.10240.0\ucrt\stdio.h(2254): note: 'sscanf' 선언을 참조하십시오.
c:\00_server\01_acting\live555\live\livemedia\rtspclient.cpp(352): error C4996: 'sprintf': This function or variable may be unsafe. Consider using sprintf_s instead. To disable deprecation, use _CRT_SECURE_NO_WARNINGS. See online help for details.
  c:\program files (x86)\windows kits\10\include\10.0.10240.0\ucrt\stdio.h(1769): note: 'sprintf' 선언을 참조하십시오.
c:\00_server\01_acting\live555\live\livemedia\rtspclient.cpp(394): error C4996: 'sprintf': This function or variable may be unsafe. Consider using sprintf_s instead. To disable deprecation, use _CRT_SECURE_NO_WARNINGS. See online help for details.
  c:\program files (x86)\windows kits\10\include\10.0.10240.0\ucrt\stdio.h(1769): note: 'sprintf' 선언을 참조하십시오.
c:\00_server\01_acting\live555\live\livemedia\rtspclient.cpp(488): error C4996: 'sprintf': This function or variable may be unsafe. Consider using sprintf_s instead. To disable deprecation, use _CRT_SECURE_NO_WARNINGS. See online help for details.
  c:\program files (x86)\windows kits\10\include\10.0.10240.0\ucrt\stdio.h(1769): note: 'sprintf' 선언을 참조하십시오.
c:\00_server\01_acting\live555\live\livemedia\rtspclient.cpp(512): error C4996: 'sprintf': This function or variable may be unsafe. Consider using sprintf_s instead. To disable deprecation, use _CRT_SECURE_NO_WARNINGS. See online help for details.
  c:\program files (x86)\windows kits\10\include\10.0.10240.0\ucrt\stdio.h(1769): note: 'sprintf' 선언을 참조하십시오.
c:\00_server\01_acting\live555\live\livemedia\rtspclient.cpp(540): error C4996: 'sprintf': This function or variable may be unsafe. Consider using sprintf_s instead. To disable deprecation, use _CRT_SECURE_NO_WARNINGS. See online help for details.
  c:\program files (x86)\windows kits\10\include\10.0.10240.0\ucrt\stdio.h(1769): note: 'sprintf' 선언을 참조하십시오.
c:\00_server\01_acting\live555\live\livemedia\rtspclient.cpp(571): error C4996: 'sprintf': This function or variable may be unsafe. Consider using sprintf_s instead. To disable deprecation, use _CRT_SECURE_NO_WARNINGS. See online help for details.
  c:\program files (x86)\windows kits\10\include\10.0.10240.0\ucrt\stdio.h(1769): note: 'sprintf' 선언을 참조하십시오.
c:\00_server\01_acting\live555\live\livemedia\rtspclient.cpp(585): error C4996: 'sprintf': This function or variable may be unsafe. Consider using sprintf_s instead. To disable deprecation, use _CRT_SECURE_NO_WARNINGS. See online help for details.
  c:\program files (x86)\windows kits\10\include\10.0.10240.0\ucrt\stdio.h(1769): note: 'sprintf' 선언을 참조하십시오.
c:\00_server\01_acting\live555\live\livemedia\rtspclient.cpp(598): error C4996: 'sprintf': This function or variable may be unsafe. Consider using sprintf_s instead. To disable deprecation, use _CRT_SECURE_NO_WARNINGS. See online help for details.
  c:\program files (x86)\windows kits\10\include\10.0.10240.0\ucrt\stdio.h(1769): note: 'sprintf' 선언을 참조하십시오.
c:\00_server\01_acting\live555\live\livemedia\rtspclient.cpp(612): error C4996: '_snprintf': This function or variable may be unsafe. Consider using _snprintf_s instead. To disable deprecation, use _CRT_SECURE_NO_WARNINGS. See online help for details.
  c:\program files (x86)\windows kits\10\include\10.0.10240.0\ucrt\stdio.h(1952): note: '_snprintf' 선언을 참조하십시오.
c:\00_server\01_acting\live555\live\livemedia\rtspclient.cpp(615): error C4996: '_snprintf': This function or variable may be unsafe. Consider using _snprintf_s instead. To disable deprecation, use _CRT_SECURE_NO_WARNINGS. See online help for details.
  c:\program files (x86)\windows kits\10\include\10.0.10240.0\ucrt\stdio.h(1952): note: '_snprintf' 선언을 참조하십시오.
c:\00_server\01_acting\live555\live\livemedia\rtspclient.cpp(626): error C4996: 'sprintf': This function or variable may be unsafe. Consider using sprintf_s instead. To disable deprecation, use _CRT_SECURE_NO_WARNINGS. See online help for details.
  c:\program files (x86)\windows kits\10\include\10.0.10240.0\ucrt\stdio.h(1769): note: 'sprintf' 선언을 참조하십시오.
c:\00_server\01_acting\live555\live\livemedia\rtspclient.cpp(630): error C4996: 'sprintf': This function or variable may be unsafe. Consider using sprintf_s instead. To disable deprecation, use _CRT_SECURE_NO_WARNINGS. See online help for details.
  c:\program files (x86)\windows kits\10\include\10.0.10240.0\ucrt\stdio.h(1769): note: 'sprintf' 선언을 참조하십시오.
c:\00_server\01_acting\live555\live\livemedia\rtspclient.cpp(672): error C4996: 'sprintf': This function or variable may be unsafe. Consider using sprintf_s instead. To disable deprecation, use _CRT_SECURE_NO_WARNINGS. See online help for details.
  c:\program files (x86)\windows kits\10\include\10.0.10240.0\ucrt\stdio.h(1769): note: 'sprintf' 선언을 참조하십시오.
c:\00_server\01_acting\live555\live\livemedia\rtspclient.cpp(702): error C4996: 'sprintf': This function or variable may be unsafe. Consider using sprintf_s instead. To disable deprecation, use _CRT_SECURE_NO_WARNINGS. See online help for details.
  c:\program files (x86)\windows kits\10\include\10.0.10240.0\ucrt\stdio.h(1769): note: 'sprintf' 선언을 참조하십시오.
c:\00_server\01_acting\live555\live\livemedia\rtspclient.cpp(715): error C4996: 'sprintf': This function or variable may be unsafe. Consider using sprintf_s instead. To disable deprecation, use _CRT_SECURE_NO_WARNINGS. See online help for details.
  c:\program files (x86)\windows kits\10\include\10.0.10240.0\ucrt\stdio.h(1769): note: 'sprintf' 선언을 참조하십시오.
c:\00_server\01_acting\live555\live\livemedia\rtspclient.cpp(757): error C4996: 'sprintf': This function or variable may be unsafe. Consider using sprintf_s instead. To disable deprecation, use _CRT_SECURE_NO_WARNINGS. See online help for details.
  c:\program files (x86)\windows kits\10\include\10.0.10240.0\ucrt\stdio.h(1769): note: 'sprintf' 선언을 참조하십시오.
c:\00_server\01_acting\live555\live\livemedia\rtspclient.cpp(774): error C4996: 'sprintf': This function or variable may be unsafe. Consider using sprintf_s instead. To disable deprecation, use _CRT_SECURE_NO_WARNINGS. See online help for details.
  c:\program files (x86)\windows kits\10\include\10.0.10240.0\ucrt\stdio.h(1769): note: 'sprintf' 선언을 참조하십시오.
c:\00_server\01_acting\live555\live\livemedia\rtspclient.cpp(799): error C4996: 'sprintf': This function or variable may be unsafe. Consider using sprintf_s instead. To disable deprecation, use _CRT_SECURE_NO_WARNINGS. See online help for details.
  c:\program files (x86)\windows kits\10\include\10.0.10240.0\ucrt\stdio.h(1769): note: 'sprintf' 선언을 참조하십시오.
c:\00_server\01_acting\live555\live\livemedia\rtspclient.cpp(815): error C4996: 'sprintf': This function or variable may be unsafe. Consider using sprintf_s instead. To disable deprecation, use _CRT_SECURE_NO_WARNINGS. See online help for details.
  c:\program files (x86)\windows kits\10\include\10.0.10240.0\ucrt\stdio.h(1769): note: 'sprintf' 선언을 참조하십시오.
c:\00_server\01_acting\live555\live\livemedia\rtspclient.cpp(922): error C4996: 'sprintf': This function or variable may be unsafe. Consider using sprintf_s instead. To disable deprecation, use _CRT_SECURE_NO_WARNINGS. See online help for details.
  c:\program files (x86)\windows kits\10\include\10.0.10240.0\ucrt\stdio.h(1769): note: 'sprintf' 선언을 참조하십시오.
c:\00_server\01_acting\live555\live\livemedia\rtspclient.cpp(931): error C4996: 'sprintf': This function or variable may be unsafe. Consider using sprintf_s instead. To disable deprecation, use _CRT_SECURE_NO_WARNINGS. See online help for details.
  c:\program files (x86)\windows kits\10\include\10.0.10240.0\ucrt\stdio.h(1769): note: 'sprintf' 선언을 참조하십시오.
c:\00_server\01_acting\live555\live\livemedia\rtspclient.cpp(936): error C4996: 'sprintf': This function or variable may be unsafe. Consider using sprintf_s instead. To disable deprecation, use _CRT_SECURE_NO_WARNINGS. See online help for details.
  c:\program files (x86)\windows kits\10\include\10.0.10240.0\ucrt\stdio.h(1769): note: 'sprintf' 선언을 참조하십시오.
c:\00_server\01_acting\live555\live\livemedia\rtspclient.cpp(962): error C4996: 'sprintf': This function or variable may be unsafe. Consider using sprintf_s instead. To disable deprecation, use _CRT_SECURE_NO_WARNINGS. See online help for details.
  c:\program files (x86)\windows kits\10\include\10.0.10240.0\ucrt\stdio.h(1769): note: 'sprintf' 선언을 참조하십시오.
c:\00_server\01_acting\live555\live\livemedia\rtspclient.cpp(984): error C4996: 'sscanf': This function or variable may be unsafe. Consider using sscanf_s instead. To disable deprecation, use _CRT_SECURE_NO_WARNINGS. See online help for details.
  c:\program files (x86)\windows kits\10\include\10.0.10240.0\ucrt\stdio.h(2254): note: 'sscanf' 선언을 참조하십시오.
c:\00_server\01_acting\live555\live\livemedia\rtspclient.cpp(985): error C4996: 'sscanf': This function or variable may be unsafe. Consider using sscanf_s instead. To disable deprecation, use _CRT_SECURE_NO_WARNINGS. See online help for details.
  c:\program files (x86)\windows kits\10\include\10.0.10240.0\ucrt\stdio.h(2254): note: 'sscanf' 선언을 참조하십시오.
c:\00_server\01_acting\live555\live\livemedia\rtspclient.cpp(1018): error C4996: '_snprintf': This function or variable may be unsafe. Consider using _snprintf_s instead. To disable deprecation, use _CRT_SECURE_NO_WARNINGS. See online help for details.
  c:\program files (x86)\windows kits\10\include\10.0.10240.0\ucrt\stdio.h(1952): note: '_snprintf' 선언을 참조하십시오.
c:\00_server\01_acting\live555\live\livemedia\rtspclient.cpp(1059): error C4996: 'sscanf': This function or variable may be unsafe. Consider using sscanf_s instead. To disable deprecation, use _CRT_SECURE_NO_WARNINGS. See online help for details.
  c:\program files (x86)\windows kits\10\include\10.0.10240.0\ucrt\stdio.h(2254): note: 'sscanf' 선언을 참조하십시오.
c:\00_server\01_acting\live555\live\livemedia\rtspclient.cpp(1060): error C4996: 'sscanf': This function or variable may be unsafe. Consider using sscanf_s instead. To disable deprecation, use _CRT_SECURE_NO_WARNINGS. See online help for details.
  c:\program files (x86)\windows kits\10\include\10.0.10240.0\ucrt\stdio.h(2254): note: 'sscanf' 선언을 참조하십시오.
c:\00_server\01_acting\live555\live\livemedia\rtspclient.cpp(1062): error C4996: 'sscanf': This function or variable may be unsafe. Consider using sscanf_s instead. To disable deprecation, use _CRT_SECURE_NO_WARNINGS. See online help for details.
  c:\program files (x86)\windows kits\10\include\10.0.10240.0\ucrt\stdio.h(2254): note: 'sscanf' 선언을 참조하십시오.
c:\00_server\01_acting\live555\live\livemedia\rtspclient.cpp(1067): error C4996: 'sscanf': This function or variable may be unsafe. Consider using sscanf_s instead. To disable deprecation, use _CRT_SECURE_NO_WARNINGS. See online help for details.
  c:\program files (x86)\windows kits\10\include\10.0.10240.0\ucrt\stdio.h(2254): note: 'sscanf' 선언을 참조하십시오.
c:\00_server\01_acting\live555\live\livemedia\rtspclient.cpp(1076): error C4996: 'sscanf': This function or variable may be unsafe. Consider using sscanf_s instead. To disable deprecation, use _CRT_SECURE_NO_WARNINGS. See online help for details.
  c:\program files (x86)\windows kits\10\include\10.0.10240.0\ucrt\stdio.h(2254): note: 'sscanf' 선언을 참조하십시오.
c:\00_server\01_acting\live555\live\livemedia\rtspclient.cpp(1077): error C4996: 'sscanf': This function or variable may be unsafe. Consider using sscanf_s instead. To disable deprecation, use _CRT_SECURE_NO_WARNINGS. See online help for details.
  c:\program files (x86)\windows kits\10\include\10.0.10240.0\ucrt\stdio.h(2254): note: 'sscanf' 선언을 참조하십시오.
c:\00_server\01_acting\live555\live\livemedia\rtspclient.cpp(1117): error C4996: 'sscanf': This function or variable may be unsafe. Consider using sscanf_s instead. To disable deprecation, use _CRT_SECURE_NO_WARNINGS. See online help for details.
  c:\program files (x86)\windows kits\10\include\10.0.10240.0\ucrt\stdio.h(2254): note: 'sscanf' 선언을 참조하십시오.
c:\00_server\01_acting\live555\live\livemedia\rtspclient.cpp(1122): error C4996: 'sscanf': This function or variable may be unsafe. Consider using sscanf_s instead. To disable deprecation, use _CRT_SECURE_NO_WARNINGS. See online help for details.
  c:\program files (x86)\windows kits\10\include\10.0.10240.0\ucrt\stdio.h(2254): note: 'sscanf' 선언을 참조하십시오.
c:\00_server\01_acting\live555\live\livemedia\rtspclient.cpp(1133): error C4996: 'sscanf': This function or variable may be unsafe. Consider using sscanf_s instead. To disable deprecation, use _CRT_SECURE_NO_WARNINGS. See online help for details.
  c:\program files (x86)\windows kits\10\include\10.0.10240.0\ucrt\stdio.h(2254): note: 'sscanf' 선언을 참조하십시오.
c:\00_server\01_acting\live555\live\livemedia\rtspclient.cpp(1134): error C4996: 'sscanf': This function or variable may be unsafe. Consider using sscanf_s instead. To disable deprecation, use _CRT_SECURE_NO_WARNINGS. See online help for details.
  c:\program files (x86)\windows kits\10\include\10.0.10240.0\ucrt\stdio.h(2254): note: 'sscanf' 선언을 참조하십시오.
c:\00_server\01_acting\live555\live\livemedia\rtspclient.cpp(1136): error C4996: 'sscanf': This function or variable may be unsafe. Consider using sscanf_s instead. To disable deprecation, use _CRT_SECURE_NO_WARNINGS. See online help for details.
  c:\program files (x86)\windows kits\10\include\10.0.10240.0\ucrt\stdio.h(2254): note: 'sscanf' 선언을 참조하십시오.
c:\00_server\01_acting\live555\live\livemedia\rtspclient.cpp(1157): error C4996: 'sscanf': This function or variable may be unsafe. Consider using sscanf_s instead. To disable deprecation, use _CRT_SECURE_NO_WARNINGS. See online help for details.
  c:\program files (x86)\windows kits\10\include\10.0.10240.0\ucrt\stdio.h(2254): note: 'sscanf' 선언을 참조하십시오.
c:\00_server\01_acting\live555\live\livemedia\rtspclient.cpp(1167): error C4996: 'sscanf': This function or variable may be unsafe. Consider using sscanf_s instead. To disable deprecation, use _CRT_SECURE_NO_WARNINGS. See online help for details.
  c:\program files (x86)\windows kits\10\include\10.0.10240.0\ucrt\stdio.h(2254): note: 'sscanf' 선언을 참조하십시오.
c:\00_server\01_acting\live555\live\livemedia\rtspclient.cpp(1338): error C4996: 'sscanf': This function or variable may be unsafe. Consider using sscanf_s instead. To disable deprecation, use _CRT_SECURE_NO_WARNINGS. See online help for details.
  c:\program files (x86)\windows kits\10\include\10.0.10240.0\ucrt\stdio.h(2254): note: 'sscanf' 선언을 참조하십시오.
c:\00_server\01_acting\live555\live\livemedia\rtspclient.cpp(1342): error C4996: 'sscanf': This function or variable may be unsafe. Consider using sscanf_s instead. To disable deprecation, use _CRT_SECURE_NO_WARNINGS. See online help for details.
  c:\program files (x86)\windows kits\10\include\10.0.10240.0\ucrt\stdio.h(2254): note: 'sscanf' 선언을 참조하십시오.
c:\00_server\01_acting\live555\live\livemedia\rtspclient.cpp(1345): error C4996: 'sscanf': This function or variable may be unsafe. Consider using sscanf_s instead. To disable deprecation, use _CRT_SECURE_NO_WARNINGS. See online help for details.
  c:\program files (x86)\windows kits\10\include\10.0.10240.0\ucrt\stdio.h(2254): note: 'sscanf' 선언을 참조하십시오.
c:\00_server\01_acting\live555\live\livemedia\rtspclient.cpp(1654): error C4996: 'strncpy': This function or variable may be unsafe. Consider using strncpy_s instead. To disable deprecation, use _CRT_SECURE_NO_WARNINGS. See online help for details.
  c:\program files (x86)\windows kits\10\include\10.0.10240.0\ucrt\string.h(346): note: 'strncpy' 선언을 참조하십시오.
c:\00_server\01_acting\live555\live\livemedia\rtspclient.cpp(1685): error C4996: 'sscanf': This function or variable may be unsafe. Consider using sscanf_s instead. To disable deprecation, use _CRT_SECURE_NO_WARNINGS. See online help for details.
  c:\program files (x86)\windows kits\10\include\10.0.10240.0\ucrt\stdio.h(2254): note: 'sscanf' 선언을 참조하십시오.
c:\00_server\01_acting\live555\live\livemedia\rtspclient.cpp(1709): error C4996: 'sscanf': This function or variable may be unsafe. Consider using sscanf_s instead. To disable deprecation, use _CRT_SECURE_NO_WARNINGS. See online help for details.
  c:\program files (x86)\windows kits\10\include\10.0.10240.0\ucrt\stdio.h(2254): note: 'sscanf' 선언을 참조하십시오.
c:\00_server\01_acting\live555\live\livemedia\rtspclient.cpp(1740): error C4996: 'sprintf': This function or variable may be unsafe. Consider using sprintf_s instead. To disable deprecation, use _CRT_SECURE_NO_WARNINGS. See online help for details.
  c:\program files (x86)\windows kits\10\include\10.0.10240.0\ucrt\stdio.h(1769): note: 'sprintf' 선언을 참조하십시오.
c:\00_server\01_acting\live555\live\livemedia\rtspclient.cpp(1764): error C4996: 'sprintf': This function or variable may be unsafe. Consider using sprintf_s instead. To disable deprecation, use _CRT_SECURE_NO_WARNINGS. See online help for details.
  c:\program files (x86)\windows kits\10\include\10.0.10240.0\ucrt\stdio.h(1769): note: 'sprintf' 선언을 참조하십시오.
  RTPSource.cpp
  RTPSink.cpp
c:\00_server\01_acting\live555\live\livemedia\rtpsink.cpp(141): error C4996: 'sprintf': This function or variable may be unsafe. Consider using sprintf_s instead. To disable deprecation, use _CRT_SECURE_NO_WARNINGS. See online help for details.
  c:\program files (x86)\windows kits\10\include\10.0.10240.0\ucrt\stdio.h(1769): note: 'sprintf' 선언을 참조하십시오.
c:\00_server\01_acting\live555\live\livemedia\rtpsink.cpp(150): error C4996: 'sprintf': This function or variable may be unsafe. Consider using sprintf_s instead. To disable deprecation, use _CRT_SECURE_NO_WARNINGS. See online help for details.
  c:\program files (x86)\windows kits\10\include\10.0.10240.0\ucrt\stdio.h(1769): note: 'sprintf' 선언을 참조하십시오.
  RTPInterface.cpp
  RTCP.cpp
c:\00_server\01_acting\live555\live\livemedia\rtcp.cpp(351): error C4996: '_snprintf': This function or variable may be unsafe. Consider using _snprintf_s instead. To disable deprecation, use _CRT_SECURE_NO_WARNINGS. See online help for details.
  c:\program files (x86)\windows kits\10\include\10.0.10240.0\ucrt\stdio.h(1952): note: '_snprintf' 선언을 참조하십시오.
  QuickTimeGenericRTPSource.cpp
  QuickTimeFileSink.cpp
c:\00_server\01_acting\live555\live\livemedia\quicktimefilesink.cpp(2180): error C4996: 'sprintf': This function or variable may be unsafe. Consider using sprintf_s instead. To disable deprecation, use _CRT_SECURE_NO_WARNINGS. See online help for details.
  c:\program files (x86)\windows kits\10\include\10.0.10240.0\ucrt\stdio.h(1769): note: 'sprintf' 선언을 참조하십시오.
c:\00_server\01_acting\live555\live\livemedia\quicktimefilesink.cpp(2208): error C4996: 'sscanf': This function or variable may be unsafe. Consider using sscanf_s instead. To disable deprecation, use _CRT_SECURE_NO_WARNINGS. See online help for details.
  c:\program files (x86)\windows kits\10\include\10.0.10240.0\ucrt\stdio.h(2254): note: 'sscanf' 선언을 참조하십시오.
c:\00_server\01_acting\live555\live\livemedia\quicktimefilesink.cpp(2214): error C4996: 'sprintf': This function or variable may be unsafe. Consider using sprintf_s instead. To disable deprecation, use _CRT_SECURE_NO_WARNINGS. See online help for details.
  c:\program files (x86)\windows kits\10\include\10.0.10240.0\ucrt\stdio.h(1769): note: 'sprintf' 선언을 참조하십시오.
c:\00_server\01_acting\live555\live\livemedia\quicktimefilesink.cpp(2230): error C4996: 'sprintf': This function or variable may be unsafe. Consider using sprintf_s instead. To disable deprecation, use _CRT_SECURE_NO_WARNINGS. See online help for details.
  c:\program files (x86)\windows kits\10\include\10.0.10240.0\ucrt\stdio.h(1769): note: 'sprintf' 선언을 참조하십시오.
c:\00_server\01_acting\live555\live\livemedia\quicktimefilesink.cpp(2322): error C4996: 'sprintf': This function or variable may be unsafe. Consider using sprintf_s instead. To disable deprecation, use _CRT_SECURE_NO_WARNINGS. See online help for details.
  c:\program files (x86)\windows kits\10\include\10.0.10240.0\ucrt\stdio.h(1769): note: 'sprintf' 선언을 참조하십시오.
  QCELPAudioRTPSource.cpp
  ProxyServerMediaSession.cpp
  PassiveServerMediaSubsession.cpp
c:\00_server\01_acting\live555\live\livemedia\passiveservermediasubsession.cpp(108): error C4996: 'sprintf': This function or variable may be unsafe. Consider using sprintf_s instead. To disable deprecation, use _CRT_SECURE_NO_WARNINGS. See online help for details.
  c:\program files (x86)\windows kits\10\include\10.0.10240.0\ucrt\stdio.h(1769): note: 'sprintf' 선언을 참조하십시오.
  OutputFile.cpp
c:\00_server\01_acting\live555\live\livemedia\outputfile.cpp(47): error C4996: 'fopen': This function or variable may be unsafe. Consider using fopen_s instead. To disable deprecation, use _CRT_SECURE_NO_WARNINGS. See online help for details.
  c:\program files (x86)\windows kits\10\include\10.0.10240.0\ucrt\stdio.h(205): note: 'fopen' 선언을 참조하십시오.
  ourMD5.cpp
  OnDemandServerMediaSubsession.cpp
c:\00_server\01_acting\live555\live\livemedia\ondemandservermediasubsession.cpp(455): error C4996: 'sprintf': This function or variable may be unsafe. Consider using sprintf_s instead. To disable deprecation, use _CRT_SECURE_NO_WARNINGS. See online help for details.
  c:\program files (x86)\windows kits\10\include\10.0.10240.0\ucrt\stdio.h(1769): note: 'sprintf' 선언을 참조하십시오.
  OggFileSink.cpp
  OggFileServerMediaSubsession.cpp
  코드를 생성하고 있습니다...
  컴파일하고 있습니다...
  OggFileServerDemux.cpp
  OggFileParser.cpp
  OggFile.cpp
  OggDemuxedTrack.cpp
  MultiFramedRTPSource.cpp
  MultiFramedRTPSink.cpp
  MPEGVideoStreamParser.cpp
  MPEGVideoStreamFramer.cpp
  MPEG4VideoStreamFramer.cpp
c:\00_server\01_acting\live555\live\livemedia\mpeg4videostreamframer.cpp(432): error C4996: 'sprintf': This function or variable may be unsafe. Consider using sprintf_s instead. To disable deprecation, use _CRT_SECURE_NO_WARNINGS. See online help for details.
  c:\program files (x86)\windows kits\10\include\10.0.10240.0\ucrt\stdio.h(1769): note: 'sprintf' 선언을 참조하십시오.
  MPEG4VideoStreamDiscreteFramer.cpp
  MPEG4VideoFileServerMediaSubsession.cpp
  MPEG4LATMAudioRTPSource.cpp
  MPEG4LATMAudioRTPSink.cpp
c:\00_server\01_acting\live555\live\livemedia\mpeg4latmaudiortpsink.cpp(42): error C4996: 'sprintf': This function or variable may be unsafe. Consider using sprintf_s instead. To disable deprecation, use _CRT_SECURE_NO_WARNINGS. See online help for details.
  c:\program files (x86)\windows kits\10\include\10.0.10240.0\ucrt\stdio.h(1769): note: 'sprintf' 선언을 참조하십시오.
  MPEG4GenericRTPSource.cpp
c:\00_server\01_acting\live555\live\livemedia\mpeg4genericrtpsource.cpp(91): error C4996: 'sprintf': This function or variable may be unsafe. Consider using sprintf_s instead. To disable deprecation, use _CRT_SECURE_NO_WARNINGS. See online help for details.
  c:\program files (x86)\windows kits\10\include\10.0.10240.0\ucrt\stdio.h(1769): note: 'sprintf' 선언을 참조하십시오.
  MPEG4GenericRTPSink.cpp
c:\00_server\01_acting\live555\live\livemedia\mpeg4genericrtpsink.cpp(65): error C4996: 'sprintf': This function or variable may be unsafe. Consider using sprintf_s instead. To disable deprecation, use _CRT_SECURE_NO_WARNINGS. See online help for details.
  c:\program files (x86)\windows kits\10\include\10.0.10240.0\ucrt\stdio.h(1769): note: 'sprintf' 선언을 참조하십시오.
  MPEG4ESVideoRTPSource.cpp
  MPEG4ESVideoRTPSink.cpp
c:\00_server\01_acting\live555\live\livemedia\mpeg4esvideortpsink.cpp(130): error C4996: 'sprintf': This function or variable may be unsafe. Consider using sprintf_s instead. To disable deprecation, use _CRT_SECURE_NO_WARNINGS. See online help for details.
  c:\program files (x86)\windows kits\10\include\10.0.10240.0\ucrt\stdio.h(1769): note: 'sprintf' 선언을 참조하십시오.
c:\00_server\01_acting\live555\live\livemedia\mpeg4esvideortpsink.cpp(133): error C4996: 'sprintf': This function or variable may be unsafe. Consider using sprintf_s instead. To disable deprecation, use _CRT_SECURE_NO_WARNINGS. See online help for details.
  c:\program files (x86)\windows kits\10\include\10.0.10240.0\ucrt\stdio.h(1769): note: 'sprintf' 선언을 참조하십시오.
c:\00_server\01_acting\live555\live\livemedia\mpeg4esvideortpsink.cpp(136): error C4996: 'sprintf': This function or variable may be unsafe. Consider using sprintf_s instead. To disable deprecation, use _CRT_SECURE_NO_WARNINGS. See online help for details.
  c:\program files (x86)\windows kits\10\include\10.0.10240.0\ucrt\stdio.h(1769): note: 'sprintf' 선언을 참조하십시오.
  MPEG2TransportUDPServerMediaSubsession.cpp
  MPEG2TransportStreamTrickModeFilter.cpp
  MPEG2TransportStreamMultiplexor.cpp
  코드를 생성하고 있습니다...
  컴파일하고 있습니다...
  MPEG2TransportStreamIndexFile.cpp
  MPEG2TransportStreamFromPESSource.cpp
  MPEG2TransportStreamFromESSource.cpp
  MPEG2TransportStreamFramer.cpp
  MPEG2TransportFileServerMediaSubsession.cpp
  MPEG2IndexFromTransportStream.cpp
  MPEG1or2VideoStreamFramer.cpp
  MPEG1or2VideoStreamDiscreteFramer.cpp
  MPEG1or2VideoRTPSource.cpp
  MPEG1or2VideoRTPSink.cpp
  MPEG1or2VideoFileServerMediaSubsession.cpp
  MPEG1or2FileServerDemux.cpp
  MPEG1or2DemuxedServerMediaSubsession.cpp
  MPEG1or2DemuxedElementaryStream.cpp
  MPEG1or2Demux.cpp
  MPEG1or2AudioStreamFramer.cpp
  MPEG1or2AudioRTPSource.cpp
  MPEG1or2AudioRTPSink.cpp
  MP3Transcoder.cpp
  MP3StreamState.cpp
c:\00_server\01_acting\live555\live\livemedia\mp3streamstate.cpp(186): error C4996: '_snprintf': This function or variable may be unsafe. Consider using _snprintf_s instead. To disable deprecation, use _CRT_SECURE_NO_WARNINGS. See online help for details.
  c:\program files (x86)\windows kits\10\include\10.0.10240.0\ucrt\stdio.h(1952): note: '_snprintf' 선언을 참조하십시오.
  코드를 생성하고 있습니다...
  컴파일하고 있습니다...
  MP3InternalsHuffmanTable.cpp
  MP3InternalsHuffman.cpp
c:\00_server\01_acting\live555\live\livemedia\mp3internalshuffman.cpp(305): error C4996: 'sscanf': This function or variable may be unsafe. Consider using sscanf_s instead. To disable deprecation, use _CRT_SECURE_NO_WARNINGS. See online help for details.
  c:\program files (x86)\windows kits\10\include\10.0.10240.0\ucrt\stdio.h(2254): note: 'sscanf' 선언을 참조하십시오.
c:\00_server\01_acting\live555\live\livemedia\mp3internalshuffman.cpp(353): error C4996: 'sscanf': This function or variable may be unsafe. Consider using sscanf_s instead. To disable deprecation, use _CRT_SECURE_NO_WARNINGS. See online help for details.
  c:\program files (x86)\windows kits\10\include\10.0.10240.0\ucrt\stdio.h(2254): note: 'sscanf' 선언을 참조하십시오.
c:\00_server\01_acting\live555\live\livemedia\mp3internalshuffman.cpp(365): error C4996: 'sscanf': This function or variable may be unsafe. Consider using sscanf_s instead. To disable deprecation, use _CRT_SECURE_NO_WARNINGS. See online help for details.
  c:\program files (x86)\windows kits\10\include\10.0.10240.0\ucrt\stdio.h(2254): note: 'sscanf' 선언을 참조하십시오.
c:\00_server\01_acting\live555\live\livemedia\mp3internalshuffman.cpp(376): error C4996: 'sscanf': This function or variable may be unsafe. Consider using sscanf_s instead. To disable deprecation, use _CRT_SECURE_NO_WARNINGS. See online help for details.
  c:\program files (x86)\windows kits\10\include\10.0.10240.0\ucrt\stdio.h(2254): note: 'sscanf' 선언을 참조하십시오.
  MP3Internals.cpp
  MP3FileSource.cpp
c:\00_server\01_acting\live555\live\livemedia\mp3filesource.cpp(144): error C4996: 'sprintf': This function or variable may be unsafe. Consider using sprintf_s instead. To disable deprecation, use _CRT_SECURE_NO_WARNINGS. See online help for details.
  c:\program files (x86)\windows kits\10\include\10.0.10240.0\ucrt\stdio.h(1769): note: 'sprintf' 선언을 참조하십시오.
  MP3AudioMatroskaFileServerMediaSubsession.cpp
  MP3AudioFileServerMediaSubsession.cpp
  MP3ADUTranscoder.cpp
c:\00_server\01_acting\live555\live\livemedia\mp3adutranscoder.cpp(56): error C4996: 'sprintf': This function or variable may be unsafe. Consider using sprintf_s instead. To disable deprecation, use _CRT_SECURE_NO_WARNINGS. See online help for details.
  c:\program files (x86)\windows kits\10\include\10.0.10240.0\ucrt\stdio.h(1769): note: 'sprintf' 선언을 참조하십시오.
  MP3ADURTPSource.cpp
  MP3ADURTPSink.cpp
  MP3ADUinterleaving.cpp
  MP3ADUdescriptor.cpp
  MP3ADU.cpp
  MediaSource.cpp
  MediaSink.cpp
  MediaSession.cpp
c:\00_server\01_acting\live555\live\livemedia\mediasession.cpp(138): error C4996: 'sscanf': This function or variable may be unsafe. Consider using sscanf_s instead. To disable deprecation, use _CRT_SECURE_NO_WARNINGS. See online help for details.
  c:\program files (x86)\windows kits\10\include\10.0.10240.0\ucrt\stdio.h(2254): note: 'sscanf' 선언을 참조하십시오.
c:\00_server\01_acting\live555\live\livemedia\mediasession.cpp(140): error C4996: 'sscanf': This function or variable may be unsafe. Consider using sscanf_s instead. To disable deprecation, use _CRT_SECURE_NO_WARNINGS. See online help for details.
  c:\program files (x86)\windows kits\10\include\10.0.10240.0\ucrt\stdio.h(2254): note: 'sscanf' 선언을 참조하십시오.
c:\00_server\01_acting\live555\live\livemedia\mediasession.cpp(144): error C4996: 'sscanf': This function or variable may be unsafe. Consider using sscanf_s instead. To disable deprecation, use _CRT_SECURE_NO_WARNINGS. See online help for details.
  c:\program files (x86)\windows kits\10\include\10.0.10240.0\ucrt\stdio.h(2254): note: 'sscanf' 선언을 참조하십시오.
c:\00_server\01_acting\live555\live\livemedia\mediasession.cpp(146): error C4996: 'sscanf': This function or variable may be unsafe. Consider using sscanf_s instead. To disable deprecation, use _CRT_SECURE_NO_WARNINGS. See online help for details.
  c:\program files (x86)\windows kits\10\include\10.0.10240.0\ucrt\stdio.h(2254): note: 'sscanf' 선언을 참조하십시오.
c:\00_server\01_acting\live555\live\livemedia\mediasession.cpp(148): error C4996: 'sscanf': This function or variable may be unsafe. Consider using sscanf_s instead. To disable deprecation, use _CRT_SECURE_NO_WARNINGS. See online help for details.
  c:\program files (x86)\windows kits\10\include\10.0.10240.0\ucrt\stdio.h(2254): note: 'sscanf' 선언을 참조하십시오.
c:\00_server\01_acting\live555\live\livemedia\mediasession.cpp(230): error C4996: 'sprintf': This function or variable may be unsafe. Consider using sprintf_s instead. To disable deprecation, use _CRT_SECURE_NO_WARNINGS. See online help for details.
  c:\program files (x86)\windows kits\10\include\10.0.10240.0\ucrt\stdio.h(1769): note: 'sprintf' 선언을 참조하십시오.
c:\00_server\01_acting\live555\live\livemedia\mediasession.cpp(281): error C4996: 'sscanf': This function or variable may be unsafe. Consider using sscanf_s instead. To disable deprecation, use _CRT_SECURE_NO_WARNINGS. See online help for details.
  c:\program files (x86)\windows kits\10\include\10.0.10240.0\ucrt\stdio.h(2254): note: 'sscanf' 선언을 참조하십시오.
c:\00_server\01_acting\live555\live\livemedia\mediasession.cpp(295): error C4996: 'sscanf': This function or variable may be unsafe. Consider using sscanf_s instead. To disable deprecation, use _CRT_SECURE_NO_WARNINGS. See online help for details.
  c:\program files (x86)\windows kits\10\include\10.0.10240.0\ucrt\stdio.h(2254): note: 'sscanf' 선언을 참조하십시오.
c:\00_server\01_acting\live555\live\livemedia\mediasession.cpp(309): error C4996: 'sscanf': This function or variable may be unsafe. Consider using sscanf_s instead. To disable deprecation, use _CRT_SECURE_NO_WARNINGS. See online help for details.
  c:\program files (x86)\windows kits\10\include\10.0.10240.0\ucrt\stdio.h(2254): note: 'sscanf' 선언을 참조하십시오.
c:\00_server\01_acting\live555\live\livemedia\mediasession.cpp(337): error C4996: 'sscanf': This function or variable may be unsafe. Consider using sscanf_s instead. To disable deprecation, use _CRT_SECURE_NO_WARNINGS. See online help for details.
  c:\program files (x86)\windows kits\10\include\10.0.10240.0\ucrt\stdio.h(2254): note: 'sscanf' 선언을 참조하십시오.
c:\00_server\01_acting\live555\live\livemedia\mediasession.cpp(352): error C4996: 'sscanf': This function or variable may be unsafe. Consider using sscanf_s instead. To disable deprecation, use _CRT_SECURE_NO_WARNINGS. See online help for details.
  c:\program files (x86)\windows kits\10\include\10.0.10240.0\ucrt\stdio.h(2254): note: 'sscanf' 선언을 참조하십시오.
c:\00_server\01_acting\live555\live\livemedia\mediasession.cpp(362): error C4996: 'sscanf': This function or variable may be unsafe. Consider using sscanf_s instead. To disable deprecation, use _CRT_SECURE_NO_WARNINGS. See online help for details.
  c:\program files (x86)\windows kits\10\include\10.0.10240.0\ucrt\stdio.h(2254): note: 'sscanf' 선언을 참조하십시오.
c:\00_server\01_acting\live555\live\livemedia\mediasession.cpp(369): error C4996: 'sscanf': This function or variable may be unsafe. Consider using sscanf_s instead. To disable deprecation, use _CRT_SECURE_NO_WARNINGS. See online help for details.
  c:\program files (x86)\windows kits\10\include\10.0.10240.0\ucrt\stdio.h(2254): note: 'sscanf' 선언을 참조하십시오.
c:\00_server\01_acting\live555\live\livemedia\mediasession.cpp(415): error C4996: 'sscanf': This function or variable may be unsafe. Consider using sscanf_s instead. To disable deprecation, use _CRT_SECURE_NO_WARNINGS. See online help for details.
  c:\program files (x86)\windows kits\10\include\10.0.10240.0\ucrt\stdio.h(2254): note: 'sscanf' 선언을 참조하십시오.
c:\00_server\01_acting\live555\live\livemedia\mediasession.cpp(1012): error C4996: 'sscanf': This function or variable may be unsafe. Consider using sscanf_s instead. To disable deprecation, use _CRT_SECURE_NO_WARNINGS. See online help for details.
  c:\program files (x86)\windows kits\10\include\10.0.10240.0\ucrt\stdio.h(2254): note: 'sscanf' 선언을 참조하십시오.
c:\00_server\01_acting\live555\live\livemedia\mediasession.cpp(1025): error C4996: 'sscanf': This function or variable may be unsafe. Consider using sscanf_s instead. To disable deprecation, use _CRT_SECURE_NO_WARNINGS. See online help for details.
  c:\program files (x86)\windows kits\10\include\10.0.10240.0\ucrt\stdio.h(2254): note: 'sscanf' 선언을 참조하십시오.
c:\00_server\01_acting\live555\live\livemedia\mediasession.cpp(1028): error C4996: 'sscanf': This function or variable may be unsafe. Consider using sscanf_s instead. To disable deprecation, use _CRT_SECURE_NO_WARNINGS. See online help for details.
  c:\program files (x86)\windows kits\10\include\10.0.10240.0\ucrt\stdio.h(2254): note: 'sscanf' 선언을 참조하십시오.
c:\00_server\01_acting\live555\live\livemedia\mediasession.cpp(1030): error C4996: 'sscanf': This function or variable may be unsafe. Consider using sscanf_s instead. To disable deprecation, use _CRT_SECURE_NO_WARNINGS. See online help for details.
  c:\program files (x86)\windows kits\10\include\10.0.10240.0\ucrt\stdio.h(2254): note: 'sscanf' 선언을 참조하십시오.
c:\00_server\01_acting\live555\live\livemedia\mediasession.cpp(1065): error C4996: 'sscanf': This function or variable may be unsafe. Consider using sscanf_s instead. To disable deprecation, use _CRT_SECURE_NO_WARNINGS. See online help for details.
  c:\program files (x86)\windows kits\10\include\10.0.10240.0\ucrt\stdio.h(2254): note: 'sscanf' 선언을 참조하십시오.
c:\00_server\01_acting\live555\live\livemedia\mediasession.cpp(1119): error C4996: 'sscanf': This function or variable may be unsafe. Consider using sscanf_s instead. To disable deprecation, use _CRT_SECURE_NO_WARNINGS. See online help for details.
  c:\program files (x86)\windows kits\10\include\10.0.10240.0\ucrt\stdio.h(2254): note: 'sscanf' 선언을 참조하십시오.
c:\00_server\01_acting\live555\live\livemedia\mediasession.cpp(1156): error C4996: 'sscanf': This function or variable may be unsafe. Consider using sscanf_s instead. To disable deprecation, use _CRT_SECURE_NO_WARNINGS. See online help for details.
  c:\program files (x86)\windows kits\10\include\10.0.10240.0\ucrt\stdio.h(2254): note: 'sscanf' 선언을 참조하십시오.
c:\00_server\01_acting\live555\live\livemedia\mediasession.cpp(1171): error C4996: 'sscanf': This function or variable may be unsafe. Consider using sscanf_s instead. To disable deprecation, use _CRT_SECURE_NO_WARNINGS. See online help for details.
  c:\program files (x86)\windows kits\10\include\10.0.10240.0\ucrt\stdio.h(2254): note: 'sscanf' 선언을 참조하십시오.
c:\00_server\01_acting\live555\live\livemedia\mediasession.cpp(1174): error C4996: 'sscanf': This function or variable may be unsafe. Consider using sscanf_s instead. To disable deprecation, use _CRT_SECURE_NO_WARNINGS. See online help for details.
  c:\program files (x86)\windows kits\10\include\10.0.10240.0\ucrt\stdio.h(2254): note: 'sscanf' 선언을 참조하십시오.
c:\00_server\01_acting\live555\live\livemedia\mediasession.cpp(1360): error C4996: 'sprintf': This function or variable may be unsafe. Consider using sprintf_s instead. To disable deprecation, use _CRT_SECURE_NO_WARNINGS. See online help for details.
  c:\program files (x86)\windows kits\10\include\10.0.10240.0\ucrt\stdio.h(1769): note: 'sprintf' 선언을 참조하십시오.
c:\00_server\01_acting\live555\live\livemedia\mediasession.cpp(1407): error C4996: 'sprintf': This function or variable may be unsafe. Consider using sprintf_s instead. To disable deprecation, use _CRT_SECURE_NO_WARNINGS. See online help for details.
  c:\program files (x86)\windows kits\10\include\10.0.10240.0\ucrt\stdio.h(1769): note: 'sprintf' 선언을 참조하십시오.
c:\00_server\01_acting\live555\live\livemedia\mediasession.cpp(1441): error C4996: 'sscanf': This function or variable may be unsafe. Consider using sscanf_s instead. To disable deprecation, use _CRT_SECURE_NO_WARNINGS. See online help for details.
  c:\program files (x86)\windows kits\10\include\10.0.10240.0\ucrt\stdio.h(2254): note: 'sscanf' 선언을 참조하십시오.
  Media.cpp
c:\00_server\01_acting\live555\live\livemedia\media.cpp(154): error C4996: 'sprintf': This function or variable may be unsafe. Consider using sprintf_s instead. To disable deprecation, use _CRT_SECURE_NO_WARNINGS. See online help for details.
  c:\program files (x86)\windows kits\10\include\10.0.10240.0\ucrt\stdio.h(1769): note: 'sprintf' 선언을 참조하십시오.
  MatroskaFileServerMediaSubsession.cpp
  MatroskaFileServerDemux.cpp
  MatroskaFileParser.cpp
  MatroskaFile.cpp
c:\00_server\01_acting\live555\live\livemedia\matroskafile.cpp(320): error C4996: 'sprintf': This function or variable may be unsafe. Consider using sprintf_s instead. To disable deprecation, use _CRT_SECURE_NO_WARNINGS. See online help for details.
  c:\program files (x86)\windows kits\10\include\10.0.10240.0\ucrt\stdio.h(1769): note: 'sprintf' 선언을 참조하십시오.
  코드를 생성하고 있습니다...
  컴파일하고 있습니다...
  MatroskaDemuxedTrack.cpp
  Locale.cpp
  JPEGVideoSource.cpp
  JPEGVideoRTPSource.cpp
  JPEGVideoRTPSink.cpp
  InputFile.cpp
c:\00_server\01_acting\live555\live\livemedia\inputfile.cpp(34): error C4996: 'fopen': This function or variable may be unsafe. Consider using fopen_s instead. To disable deprecation, use _CRT_SECURE_NO_WARNINGS. See online help for details.
  c:\program files (x86)\windows kits\10\include\10.0.10240.0\ucrt\stdio.h(205): note: 'fopen' 선언을 참조하십시오.
  H265VideoStreamFramer.cpp
  H265VideoStreamDiscreteFramer.cpp
  H265VideoRTPSource.cpp
  H265VideoRTPSink.cpp
c:\00_server\01_acting\live555\live\livemedia\h265videortpsink.cpp(138): error C4996: 'sprintf': This function or variable may be unsafe. Consider using sprintf_s instead. To disable deprecation, use _CRT_SECURE_NO_WARNINGS. See online help for details.
  c:\program files (x86)\windows kits\10\include\10.0.10240.0\ucrt\stdio.h(1769): note: 'sprintf' 선언을 참조하십시오.
c:\00_server\01_acting\live555\live\livemedia\h265videortpsink.cpp(166): error C4996: 'sprintf': This function or variable may be unsafe. Consider using sprintf_s instead. To disable deprecation, use _CRT_SECURE_NO_WARNINGS. See online help for details.
  c:\program files (x86)\windows kits\10\include\10.0.10240.0\ucrt\stdio.h(1769): note: 'sprintf' 선언을 참조하십시오.
  H265VideoFileSink.cpp
  H265VideoFileServerMediaSubsession.cpp
  H264VideoStreamFramer.cpp
  H264VideoStreamDiscreteFramer.cpp
  H264VideoRTPSource.cpp
  H264VideoRTPSink.cpp
c:\00_server\01_acting\live555\live\livemedia\h264videortpsink.cpp(121): error C4996: 'sprintf': This function or variable may be unsafe. Consider using sprintf_s instead. To disable deprecation, use _CRT_SECURE_NO_WARNINGS. See online help for details.
  c:\program files (x86)\windows kits\10\include\10.0.10240.0\ucrt\stdio.h(1769): note: 'sprintf' 선언을 참조하십시오.
  H264VideoFileSink.cpp
  H264VideoFileServerMediaSubsession.cpp
  H264or5VideoStreamFramer.cpp
c:\00_server\01_acting\live555\live\livemedia\h264or5videostreamframer.cpp(670): warning C4018: '<': signed 또는 unsigned가 일치하지 않습니다.
  H264or5VideoStreamDiscreteFramer.cpp
  코드를 생성하고 있습니다...
  컴파일하고 있습니다...
  H264or5VideoRTPSink.cpp
  H264or5VideoFileSink.cpp
  H263plusVideoStreamParser.cpp
  H263plusVideoStreamFramer.cpp
  H263plusVideoRTPSource.cpp
  H263plusVideoRTPSink.cpp
  H263plusVideoFileServerMediaSubsession.cpp
  H261VideoRTPSource.cpp
  GSMAudioRTPSink.cpp
  GenericMediaServer.cpp
c:\00_server\01_acting\live555\live\livemedia\genericmediaserver.cpp(270): error C4996: 'sprintf': This function or variable may be unsafe. Consider using sprintf_s instead. To disable deprecation, use _CRT_SECURE_NO_WARNINGS. See online help for details.
  c:\program files (x86)\windows kits\10\include\10.0.10240.0\ucrt\stdio.h(1769): note: 'sprintf' 선언을 참조하십시오.
c:\00_server\01_acting\live555\live\livemedia\genericmediaserver.cpp(321): error C4996: '_snprintf': This function or variable may be unsafe. Consider using _snprintf_s instead. To disable deprecation, use _CRT_SECURE_NO_WARNINGS. See online help for details.
  c:\program files (x86)\windows kits\10\include\10.0.10240.0\ucrt\stdio.h(1952): note: '_snprintf' 선언을 참조하십시오.
c:\00_server\01_acting\live555\live\livemedia\genericmediaserver.cpp(333): error C4996: '_snprintf': This function or variable may be unsafe. Consider using _snprintf_s instead. To disable deprecation, use _CRT_SECURE_NO_WARNINGS. See online help for details.
  c:\program files (x86)\windows kits\10\include\10.0.10240.0\ucrt\stdio.h(1952): note: '_snprintf' 선언을 참조하십시오.
  FramedSource.cpp
  FramedFilter.cpp
  FramedFileSource.cpp
  FileSink.cpp
c:\00_server\01_acting\live555\live\livemedia\filesink.cpp(100): error C4996: 'sprintf': This function or variable may be unsafe. Consider using sprintf_s instead. To disable deprecation, use _CRT_SECURE_NO_WARNINGS. See online help for details.
  c:\program files (x86)\windows kits\10\include\10.0.10240.0\ucrt\stdio.h(1769): note: 'sprintf' 선언을 참조하십시오.
c:\00_server\01_acting\live555\live\livemedia\filesink.cpp(103): error C4996: 'sprintf': This function or variable may be unsafe. Consider using sprintf_s instead. To disable deprecation, use _CRT_SECURE_NO_WARNINGS. See online help for details.
  c:\program files (x86)\windows kits\10\include\10.0.10240.0\ucrt\stdio.h(1769): note: 'sprintf' 선언을 참조하십시오.
  FileServerMediaSubsession.cpp
  EBMLNumber.cpp
c:\00_server\01_acting\live555\live\livemedia\ebmlnumber.cpp(35): error C4996: 'sprintf': This function or variable may be unsafe. Consider using sprintf_s instead. To disable deprecation, use _CRT_SECURE_NO_WARNINGS. See online help for details.
  c:\program files (x86)\windows kits\10\include\10.0.10240.0\ucrt\stdio.h(1769): note: 'sprintf' 선언을 참조하십시오.
  DVVideoStreamFramer.cpp
  DVVideoRTPSource.cpp
  DVVideoRTPSink.cpp
c:\00_server\01_acting\live555\live\livemedia\dvvideortpsink.cpp(92): error C4996: 'sprintf': This function or variable may be unsafe. Consider using sprintf_s instead. To disable deprecation, use _CRT_SECURE_NO_WARNINGS. See online help for details.
  c:\program files (x86)\windows kits\10\include\10.0.10240.0\ucrt\stdio.h(1769): note: 'sprintf' 선언을 참조하십시오.
  DVVideoFileServerMediaSubsession.cpp
  코드를 생성하고 있습니다...
  컴파일하고 있습니다...
  DigestAuthentication.cpp
c:\00_server\01_acting\live555\live\livemedia\digestauthentication.cpp(112): error C4996: 'strncpy': This function or variable may be unsafe. Consider using strncpy_s instead. To disable deprecation, use _CRT_SECURE_NO_WARNINGS. See online help for details.
  c:\program files (x86)\windows kits\10\include\10.0.10240.0\ucrt\string.h(346): note: 'strncpy' 선언을 참조하십시오.
c:\00_server\01_acting\live555\live\livemedia\digestauthentication.cpp(118): error C4996: 'sprintf': This function or variable may be unsafe. Consider using sprintf_s instead. To disable deprecation, use _CRT_SECURE_NO_WARNINGS. See online help for details.
  c:\program files (x86)\windows kits\10\include\10.0.10240.0\ucrt\stdio.h(1769): note: 'sprintf' 선언을 참조하십시오.
c:\00_server\01_acting\live555\live\livemedia\digestauthentication.cpp(125): error C4996: 'sprintf': This function or variable may be unsafe. Consider using sprintf_s instead. To disable deprecation, use _CRT_SECURE_NO_WARNINGS. See online help for details.
  c:\program files (x86)\windows kits\10\include\10.0.10240.0\ucrt\stdio.h(1769): note: 'sprintf' 선언을 참조하십시오.
c:\00_server\01_acting\live555\live\livemedia\digestauthentication.cpp(133): error C4996: 'sprintf': This function or variable may be unsafe. Consider using sprintf_s instead. To disable deprecation, use _CRT_SECURE_NO_WARNINGS. See online help for details.
  c:\program files (x86)\windows kits\10\include\10.0.10240.0\ucrt\stdio.h(1769): note: 'sprintf' 선언을 참조하십시오.
  DeviceSource.cpp
  ByteStreamMultiFileSource.cpp
  ByteStreamMemoryBufferSource.cpp
  ByteStreamFileSource.cpp
  BitVector.cpp
  BasicUDPSource.cpp
  BasicUDPSink.cpp
  Base64.cpp
  AVIFileSink.cpp
  AudioRTPSink.cpp
  AudioInputDevice.cpp
  AMRAudioSource.cpp
  AMRAudioRTPSource.cpp
  AMRAudioRTPSink.cpp
c:\00_server\01_acting\live555\live\livemedia\amraudiortpsink.cpp(130): error C4996: 'sprintf': This function or variable may be unsafe. Consider using sprintf_s instead. To disable deprecation, use _CRT_SECURE_NO_WARNINGS. See online help for details.
  c:\program files (x86)\windows kits\10\include\10.0.10240.0\ucrt\stdio.h(1769): note: 'sprintf' 선언을 참조하십시오.
  AMRAudioFileSource.cpp
  AMRAudioFileSink.cpp
c:\00_server\01_acting\live555\live\livemedia\amraudiofilesink.cpp(76): error C4996: 'sprintf': This function or variable may be unsafe. Consider using sprintf_s instead. To disable deprecation, use _CRT_SECURE_NO_WARNINGS. See online help for details.
  c:\program files (x86)\windows kits\10\include\10.0.10240.0\ucrt\stdio.h(1769): note: 'sprintf' 선언을 참조하십시오.
  AMRAudioFileServerMediaSubsession.cpp
  ADTSAudioFileSource.cpp
c:\00_server\01_acting\live555\live\livemedia\adtsaudiofilesource.cpp(108): error C4996: 'sprintf': This function or variable may be unsafe. Consider using sprintf_s instead. To disable deprecation, use _CRT_SECURE_NO_WARNINGS. See online help for details.
  c:\program files (x86)\windows kits\10\include\10.0.10240.0\ucrt\stdio.h(1769): note: 'sprintf' 선언을 참조하십시오.
  ADTSAudioFileServerMediaSubsession.cpp
  코드를 생성하고 있습니다...
  컴파일하고 있습니다...
  AC3AudioStreamFramer.cpp
  AC3AudioRTPSource.cpp
  AC3AudioRTPSink.cpp
  AC3AudioFileServerMediaSubsession.cpp
  코드를 생성하고 있습니다...
